# Logfile created on 2013-12-27 13:20:52 -0500 by logger.rb/44203
I, [2013-12-27T13:20:52.689219 #7876]  INFO -- : 4:  bundler (1.5.0.rc.2) from /Users/olivierlacan/.rbenv/versions/2.1.0/lib/ruby/gems/2.1.0/gems/bundler-1.5.0.rc.2/lib/bundler/source
I, [2013-12-27T13:20:54.815522 #7874]  INFO -- : 2:  rack (1.5.2) from /Users/olivierlacan/Development/perso/macbootstrap/.bundle/specifications/rack-1.5.2.gemspec
I, [2013-12-27T13:27:42.521419 #9219]  INFO -- : 2:  timers (1.1.0) from /Users/olivierlacan/Development/perso/macbootstrap/.bundle/specifications/timers-1.1.0.gemspec
I, [2013-12-27T13:27:42.543392 #9218]  INFO -- : 1:  formatador (0.2.4) from /Users/olivierlacan/Development/perso/macbootstrap/.bundle/specifications/formatador-0.2.4.gemspec
I, [2013-12-27T13:27:42.735313 #9220]  INFO -- : 3:  rb-fsevent (0.9.3) from /Users/olivierlacan/Development/perso/macbootstrap/.bundle/specifications/rb-fsevent-0.9.3.gemspec
I, [2013-12-27T13:27:42.736152 #9220]  INFO -- : 3:  rack (1.5.2) from /Users/olivierlacan/Development/perso/macbootstrap/.bundle/specifications/rack-1.5.2.gemspec
I, [2013-12-27T13:27:42.736778 #9220]  INFO -- : 3:  bundler (1.5.0) from /Users/olivierlacan/.rbenv/versions/2.1.0/lib/ruby/gems/2.1.0/gems/bundler-1.5.0/lib/bundler/source
I, [2013-12-27T13:27:42.908400 #9222]  INFO -- : 5:  method_source (0.8.2) from /Users/olivierlacan/Development/perso/macbootstrap/.bundle/specifications/method_source-0.8.2.gemspec
I, [2013-12-27T13:27:43.033419 #9217]  INFO -- : 0:  slop (3.4.7) from /Users/olivierlacan/Development/perso/macbootstrap/.bundle/specifications/slop-3.4.7.gemspec
I, [2013-12-27T13:27:43.134863 #9221]  INFO -- : 4:  coderay (1.1.0) from /Users/olivierlacan/Development/perso/macbootstrap/.bundle/specifications/coderay-1.1.0.gemspec
I, [2013-12-27T13:27:43.402827 #9224]  INFO -- : 7:  lumberjack (1.0.4) from /Users/olivierlacan/Development/perso/macbootstrap/.bundle/specifications/lumberjack-1.0.4.gemspec
I, [2013-12-27T13:27:43.831621 #9218]  INFO -- : 1:  tilt (2.0.0) from /Users/olivierlacan/Development/perso/macbootstrap/.bundle/specifications/tilt-2.0.0.gemspec
I, [2013-12-27T13:27:43.952769 #9219]  INFO -- : 2:  thor (0.18.1) from /Users/olivierlacan/Development/perso/macbootstrap/.bundle/specifications/thor-0.18.1.gemspec
I, [2013-12-27T13:27:44.077701 #9220]  INFO -- : 3:  celluloid (0.15.2) from /Users/olivierlacan/Development/perso/macbootstrap/.bundle/specifications/celluloid-0.15.2.gemspec
I, [2013-12-27T13:27:44.670670 #9222]  INFO -- : 5:  pry (0.9.12.4) from /Users/olivierlacan/Development/perso/macbootstrap/.bundle/specifications/pry-0.9.12.4.gemspec
I, [2013-12-27T13:27:44.740048 #9217]  INFO -- : 0:  haml (4.0.4) from /Users/olivierlacan/Development/perso/macbootstrap/.bundle/specifications/haml-4.0.4.gemspec
I, [2013-12-27T13:27:47.051084 #9223]  INFO -- : 6:  ffi (1.9.3) from /Users/olivierlacan/Development/perso/macbootstrap/.bundle/specifications/ffi-1.9.3.gemspec
I, [2013-12-27T13:27:48.113521 #9221]  INFO -- : 4:  rb-inotify (0.9.3) from /Users/olivierlacan/Development/perso/macbootstrap/.bundle/specifications/rb-inotify-0.9.3.gemspec
I, [2013-12-27T13:27:49.287884 #9224]  INFO -- : 7:  listen (2.4.0) from /Users/olivierlacan/Development/perso/macbootstrap/.bundle/specifications/listen-2.4.0.gemspec
I, [2013-12-27T13:27:50.998523 #9218]  INFO -- : 1:  guard (2.2.5) from /Users/olivierlacan/Development/perso/macbootstrap/.bundle/specifications/guard-2.2.5.gemspec
I, [2013-12-27T13:27:52.150542 #9219]  INFO -- : 2:  guard-haml (1.1.0) from /Users/olivierlacan/Development/perso/macbootstrap/.bundle/specifications/guard-haml-1.1.0.gemspec
I, [2013-12-27T13:35:48.165198 #12262]  INFO -- : 4:  coderay (1.1.0) from /Users/olivierlacan/Development/perso/macbootstrap/.bundle/specifications/coderay-1.1.0.gemspec
I, [2013-12-27T13:35:48.165294 #12260]  INFO -- : 2:  timers (1.1.0) from /Users/olivierlacan/Development/perso/macbootstrap/.bundle/specifications/timers-1.1.0.gemspec
I, [2013-12-27T13:35:48.165200 #12258]  INFO -- : 0:  lumberjack (1.0.4) from /Users/olivierlacan/Development/perso/macbootstrap/.bundle/specifications/lumberjack-1.0.4.gemspec
I, [2013-12-27T13:35:48.165779 #12261]  INFO -- : 3:  ffi (1.9.3) from /Users/olivierlacan/Development/perso/macbootstrap/.bundle/specifications/ffi-1.9.3.gemspec
I, [2013-12-27T13:35:48.166479 #12263]  INFO -- : 5:  rb-fsevent (0.9.3) from /Users/olivierlacan/Development/perso/macbootstrap/.bundle/specifications/rb-fsevent-0.9.3.gemspec
I, [2013-12-27T13:35:48.166648 #12260]  INFO -- : 2:  method_source (0.8.2) from /Users/olivierlacan/Development/perso/macbootstrap/.bundle/specifications/method_source-0.8.2.gemspec
I, [2013-12-27T13:35:48.166765 #12265]  INFO -- : 7:  formatador (0.2.4) from /Users/olivierlacan/Development/perso/macbootstrap/.bundle/specifications/formatador-0.2.4.gemspec
I, [2013-12-27T13:35:48.166877 #12262]  INFO -- : 4:  slop (3.4.7) from /Users/olivierlacan/Development/perso/macbootstrap/.bundle/specifications/slop-3.4.7.gemspec
I, [2013-12-27T13:35:48.167177 #12261]  INFO -- : 3:  thor (0.18.1) from /Users/olivierlacan/Development/perso/macbootstrap/.bundle/specifications/thor-0.18.1.gemspec
I, [2013-12-27T13:35:48.167250 #12258]  INFO -- : 0:  tilt (2.0.0) from /Users/olivierlacan/Development/perso/macbootstrap/.bundle/specifications/tilt-2.0.0.gemspec
I, [2013-12-27T13:35:48.168581 #12262]  INFO -- : 4:  rack (1.5.2) from /Users/olivierlacan/Development/perso/macbootstrap/.bundle/specifications/rack-1.5.2.gemspec
I, [2013-12-27T13:35:48.168601 #12261]  INFO -- : 3:  bundler (1.5.0) from /Users/olivierlacan/.rbenv/versions/2.1.0/lib/ruby/gems/2.1.0/gems/bundler-1.5.0/lib/bundler/source
I, [2013-12-27T13:35:48.168924 #12263]  INFO -- : 5:  celluloid (0.15.2) from /Users/olivierlacan/Development/perso/macbootstrap/.bundle/specifications/celluloid-0.15.2.gemspec
I, [2013-12-27T13:35:48.169088 #12258]  INFO -- : 0:  rb-inotify (0.9.3) from /Users/olivierlacan/Development/perso/macbootstrap/.bundle/specifications/rb-inotify-0.9.3.gemspec
I, [2013-12-27T13:35:48.169325 #12261]  INFO -- : 3:  haml (4.0.4) from /Users/olivierlacan/Development/perso/macbootstrap/.bundle/specifications/haml-4.0.4.gemspec
I, [2013-12-27T13:35:48.169289 #12265]  INFO -- : 7:  pry (0.9.12.4) from /Users/olivierlacan/Development/perso/macbootstrap/.bundle/specifications/pry-0.9.12.4.gemspec
I, [2013-12-27T13:35:48.170068 #12262]  INFO -- : 4:  listen (2.4.0) from /Users/olivierlacan/Development/perso/macbootstrap/.bundle/specifications/listen-2.4.0.gemspec
I, [2013-12-27T13:35:48.171072 #12263]  INFO -- : 5:  guard (2.2.5) from /Users/olivierlacan/Development/perso/macbootstrap/.bundle/specifications/guard-2.2.5.gemspec
I, [2013-12-27T13:35:48.171888 #12258]  INFO -- : 0:  guard-haml (1.1.0) from /Users/olivierlacan/Development/perso/macbootstrap/.bundle/specifications/guard-haml-1.1.0.gemspec
I, [2013-12-27T13:35:49.500925 #12260]  INFO -- : 2:  multi_json (1.8.2) from /Users/olivierlacan/Development/perso/macbootstrap/.bundle/specifications/multi_json-1.8.2.gemspec
I, [2013-12-27T13:35:50.019003 #12259]  INFO -- : 1:  http_parser.rb (0.5.3) from /Users/olivierlacan/Development/perso/macbootstrap/.bundle/specifications/http_parser.rb-0.5.3.gemspec
I, [2013-12-27T13:35:57.427623 #12264]  INFO -- : 6:  eventmachine (1.0.3) from /Users/olivierlacan/Development/perso/macbootstrap/.bundle/specifications/eventmachine-1.0.3.gemspec
I, [2013-12-27T13:35:58.597082 #12261]  INFO -- : 3:  em-websocket (0.5.0) from /Users/olivierlacan/Development/perso/macbootstrap/.bundle/specifications/em-websocket-0.5.0.gemspec
I, [2013-12-27T13:35:59.920635 #12265]  INFO -- : 7:  guard-livereload (2.1.0) from /Users/olivierlacan/Development/perso/macbootstrap/.bundle/specifications/guard-livereload-2.1.0.gemspec
I, [2013-12-27T13:36:59.193199 #13130]  INFO -- : 4:  coderay (1.1.0) from /Users/olivierlacan/Development/perso/macbootstrap/.bundle/specifications/coderay-1.1.0.gemspec
I, [2013-12-27T13:36:59.193169 #13129]  INFO -- : 3:  ffi (1.9.3) from /Users/olivierlacan/Development/perso/macbootstrap/.bundle/specifications/ffi-1.9.3.gemspec
I, [2013-12-27T13:36:59.193169 #13127]  INFO -- : 1:  http_parser.rb (0.5.3) from /Users/olivierlacan/Development/perso/macbootstrap/.bundle/specifications/http_parser.rb-0.5.3.gemspec
I, [2013-12-27T13:36:59.193406 #13133]  INFO -- : 7:  formatador (0.2.4) from /Users/olivierlacan/Development/perso/macbootstrap/.bundle/specifications/formatador-0.2.4.gemspec
I, [2013-12-27T13:36:59.193399 #13131]  INFO -- : 5:  rb-fsevent (0.9.3) from /Users/olivierlacan/Development/perso/macbootstrap/.bundle/specifications/rb-fsevent-0.9.3.gemspec
I, [2013-12-27T13:36:59.194185 #13126]  INFO -- : 0:  lumberjack (1.0.4) from /Users/olivierlacan/Development/perso/macbootstrap/.bundle/specifications/lumberjack-1.0.4.gemspec
I, [2013-12-27T13:36:59.195125 #13129]  INFO -- : 3:  method_source (0.8.2) from /Users/olivierlacan/Development/perso/macbootstrap/.bundle/specifications/method_source-0.8.2.gemspec
I, [2013-12-27T13:36:59.195141 #13130]  INFO -- : 4:  slop (3.4.7) from /Users/olivierlacan/Development/perso/macbootstrap/.bundle/specifications/slop-3.4.7.gemspec
I, [2013-12-27T13:36:59.195355 #13131]  INFO -- : 5:  tilt (2.0.0) from /Users/olivierlacan/Development/perso/macbootstrap/.bundle/specifications/tilt-2.0.0.gemspec
I, [2013-12-27T13:36:59.195387 #13127]  INFO -- : 1:  thor (0.18.1) from /Users/olivierlacan/Development/perso/macbootstrap/.bundle/specifications/thor-0.18.1.gemspec
I, [2013-12-27T13:36:59.195797 #13133]  INFO -- : 7:  multi_json (1.8.2) from /Users/olivierlacan/Development/perso/macbootstrap/.bundle/specifications/multi_json-1.8.2.gemspec
I, [2013-12-27T13:36:59.196124 #13126]  INFO -- : 0:  rack (1.5.2) from /Users/olivierlacan/Development/perso/macbootstrap/.bundle/specifications/rack-1.5.2.gemspec
I, [2013-12-27T13:36:59.196127 #13130]  INFO -- : 4:  bundler (1.5.0) from /Users/olivierlacan/.rbenv/versions/2.1.0/lib/ruby/gems/2.1.0/gems/bundler-1.5.0/lib/bundler/source
I, [2013-12-27T13:36:59.196179 #13131]  INFO -- : 5:  rb-inotify (0.9.3) from /Users/olivierlacan/Development/perso/macbootstrap/.bundle/specifications/rb-inotify-0.9.3.gemspec
I, [2013-12-27T13:36:59.196468 #13127]  INFO -- : 1:  haml (4.0.4) from /Users/olivierlacan/Development/perso/macbootstrap/.bundle/specifications/haml-4.0.4.gemspec
I, [2013-12-27T13:36:59.196773 #13133]  INFO -- : 7:  pry (0.9.12.4) from /Users/olivierlacan/Development/perso/macbootstrap/.bundle/specifications/pry-0.9.12.4.gemspec
I, [2013-12-27T13:36:59.196929 #13128]  INFO -- : 2:  timers (1.1.0) from /Users/olivierlacan/Development/perso/macbootstrap/.bundle/specifications/timers-1.1.0.gemspec
I, [2013-12-27T13:36:59.198390 #13126]  INFO -- : 0:  celluloid (0.15.2) from /Users/olivierlacan/Development/perso/macbootstrap/.bundle/specifications/celluloid-0.15.2.gemspec
I, [2013-12-27T13:36:59.199415 #13131]  INFO -- : 5:  listen (2.4.0) from /Users/olivierlacan/Development/perso/macbootstrap/.bundle/specifications/listen-2.4.0.gemspec
I, [2013-12-27T13:36:59.200320 #13130]  INFO -- : 4:  guard (2.2.5) from /Users/olivierlacan/Development/perso/macbootstrap/.bundle/specifications/guard-2.2.5.gemspec
I, [2013-12-27T13:36:59.201163 #13127]  INFO -- : 1:  guard-haml (1.1.0) from /Users/olivierlacan/Development/perso/macbootstrap/.bundle/specifications/guard-haml-1.1.0.gemspec
I, [2013-12-27T13:36:59.201437 #13132]  INFO -- : 6:  eventmachine (1.0.3) from /Users/olivierlacan/Development/perso/macbootstrap/.bundle/specifications/eventmachine-1.0.3.gemspec
I, [2013-12-27T13:36:59.202510 #13133]  INFO -- : 7:  em-websocket (0.5.0) from /Users/olivierlacan/Development/perso/macbootstrap/.bundle/specifications/em-websocket-0.5.0.gemspec
I, [2013-12-27T13:36:59.203357 #13128]  INFO -- : 2:  guard-livereload (2.1.0) from /Users/olivierlacan/Development/perso/macbootstrap/.bundle/specifications/guard-livereload-2.1.0.gemspec
I, [2013-12-27T13:37:01.056763 #13129]  INFO -- : 3:  rack-livereload (0.3.15) from /Users/olivierlacan/Development/perso/macbootstrap/.bundle/specifications/rack-livereload-0.3.15.gemspec
I, [2013-12-27T13:39:37.220841 #14280]  INFO -- : 2:  timers (1.1.0) from /Users/olivierlacan/Development/perso/macbootstrap/.bundle/specifications/timers-1.1.0.gemspec
I, [2013-12-27T13:39:37.220809 #14281]  INFO -- : 3:  http_parser.rb (0.5.3) from /Users/olivierlacan/Development/perso/macbootstrap/.bundle/specifications/http_parser.rb-0.5.3.gemspec
I, [2013-12-27T13:39:37.220810 #14282]  INFO -- : 4:  coderay (1.1.0) from /Users/olivierlacan/Development/perso/macbootstrap/.bundle/specifications/coderay-1.1.0.gemspec
I, [2013-12-27T13:39:37.220871 #14283]  INFO -- : 5:  formatador (0.2.4) from /Users/olivierlacan/Development/perso/macbootstrap/.bundle/specifications/formatador-0.2.4.gemspec
I, [2013-12-27T13:39:37.221051 #14285]  INFO -- : 7:  ffi (1.9.3) from /Users/olivierlacan/Development/perso/macbootstrap/.bundle/specifications/ffi-1.9.3.gemspec
I, [2013-12-27T13:39:37.221344 #14279]  INFO -- : 1:  eventmachine (1.0.3) from /Users/olivierlacan/Development/perso/macbootstrap/.bundle/specifications/eventmachine-1.0.3.gemspec
I, [2013-12-27T13:39:37.222341 #14282]  INFO -- : 4:  lumberjack (1.0.4) from /Users/olivierlacan/Development/perso/macbootstrap/.bundle/specifications/lumberjack-1.0.4.gemspec
I, [2013-12-27T13:39:37.222413 #14280]  INFO -- : 2:  method_source (0.8.2) from /Users/olivierlacan/Development/perso/macbootstrap/.bundle/specifications/method_source-0.8.2.gemspec
I, [2013-12-27T13:39:37.222750 #14285]  INFO -- : 7:  thor (0.18.1) from /Users/olivierlacan/Development/perso/macbootstrap/.bundle/specifications/thor-0.18.1.gemspec
I, [2013-12-27T13:39:37.222773 #14281]  INFO -- : 3:  slop (3.4.7) from /Users/olivierlacan/Development/perso/macbootstrap/.bundle/specifications/slop-3.4.7.gemspec
I, [2013-12-27T13:39:37.222955 #14283]  INFO -- : 5:  tilt (2.0.0) from /Users/olivierlacan/Development/perso/macbootstrap/.bundle/specifications/tilt-2.0.0.gemspec
I, [2013-12-27T13:39:37.223241 #14279]  INFO -- : 1:  multi_json (1.8.2) from /Users/olivierlacan/Development/perso/macbootstrap/.bundle/specifications/multi_json-1.8.2.gemspec
I, [2013-12-27T13:39:37.223267 #14278]  INFO -- : 0:  rb-fsevent (0.9.3) from /Users/olivierlacan/Development/perso/macbootstrap/.bundle/specifications/rb-fsevent-0.9.3.gemspec
I, [2013-12-27T13:39:37.223622 #14282]  INFO -- : 4:  rack (1.5.2) from /Users/olivierlacan/Development/perso/macbootstrap/.bundle/specifications/rack-1.5.2.gemspec
I, [2013-12-27T13:39:37.223818 #14280]  INFO -- : 2:  bundler (1.5.0) from /Users/olivierlacan/.rbenv/versions/2.1.0/lib/ruby/gems/2.1.0/gems/bundler-1.5.0/lib/bundler/source
I, [2013-12-27T13:39:37.223910 #14281]  INFO -- : 3:  celluloid (0.15.2) from /Users/olivierlacan/Development/perso/macbootstrap/.bundle/specifications/celluloid-0.15.2.gemspec
I, [2013-12-27T13:39:37.223980 #14283]  INFO -- : 5:  rb-inotify (0.9.3) from /Users/olivierlacan/Development/perso/macbootstrap/.bundle/specifications/rb-inotify-0.9.3.gemspec
I, [2013-12-27T13:39:37.224272 #14285]  INFO -- : 7:  em-websocket (0.5.0) from /Users/olivierlacan/Development/perso/macbootstrap/.bundle/specifications/em-websocket-0.5.0.gemspec
I, [2013-12-27T13:39:37.224551 #14279]  INFO -- : 1:  pry (0.9.12.4) from /Users/olivierlacan/Development/perso/macbootstrap/.bundle/specifications/pry-0.9.12.4.gemspec
I, [2013-12-27T13:39:37.224624 #14282]  INFO -- : 4:  haml (4.0.4) from /Users/olivierlacan/Development/perso/macbootstrap/.bundle/specifications/haml-4.0.4.gemspec
I, [2013-12-27T13:39:37.224685 #14280]  INFO -- : 2:  rack-livereload (0.3.15) from /Users/olivierlacan/Development/perso/macbootstrap/.bundle/specifications/rack-livereload-0.3.15.gemspec
I, [2013-12-27T13:39:37.225060 #14283]  INFO -- : 5:  listen (2.4.0) from /Users/olivierlacan/Development/perso/macbootstrap/.bundle/specifications/listen-2.4.0.gemspec
I, [2013-12-27T13:39:37.225802 #14281]  INFO -- : 3:  guard (2.2.5) from /Users/olivierlacan/Development/perso/macbootstrap/.bundle/specifications/guard-2.2.5.gemspec
I, [2013-12-27T13:39:37.226526 #14285]  INFO -- : 7:  guard-livereload (2.1.0) from /Users/olivierlacan/Development/perso/macbootstrap/.bundle/specifications/guard-livereload-2.1.0.gemspec
I, [2013-12-27T13:39:37.226577 #14278]  INFO -- : 0:  guard-haml (1.1.0) from /Users/olivierlacan/Development/perso/macbootstrap/.bundle/specifications/guard-haml-1.1.0.gemspec
I, [2013-12-27T13:39:38.504300 #14284]  INFO -- : 6:  daemons (1.1.9) from /Users/olivierlacan/Development/perso/macbootstrap/.bundle/specifications/daemons-1.1.9.gemspec
I, [2013-12-27T13:39:40.279529 #14279]  INFO -- : 1:  thin (1.6.1) from /Users/olivierlacan/Development/perso/macbootstrap/.bundle/specifications/thin-1.6.1.gemspec
I, [2013-12-27T13:43:25.547424 #15642]  INFO -- : 5:  formatador (0.2.4) from /Users/olivierlacan/Development/perso/macbootstrap/.bundle/specifications/formatador-0.2.4.gemspec
I, [2013-12-27T13:43:25.547421 #15641]  INFO -- : 4:  coderay (1.1.0) from /Users/olivierlacan/Development/perso/macbootstrap/.bundle/specifications/coderay-1.1.0.gemspec
I, [2013-12-27T13:43:25.547422 #15640]  INFO -- : 3:  http_parser.rb (0.5.3) from /Users/olivierlacan/Development/perso/macbootstrap/.bundle/specifications/http_parser.rb-0.5.3.gemspec
I, [2013-12-27T13:43:25.547421 #15637]  INFO -- : 0:  rb-fsevent (0.9.3) from /Users/olivierlacan/Development/perso/macbootstrap/.bundle/specifications/rb-fsevent-0.9.3.gemspec
I, [2013-12-27T13:43:25.548072 #15639]  INFO -- : 2:  timers (1.1.0) from /Users/olivierlacan/Development/perso/macbootstrap/.bundle/specifications/timers-1.1.0.gemspec
I, [2013-12-27T13:43:25.547537 #15638]  INFO -- : 1:  eventmachine (1.0.3) from /Users/olivierlacan/Development/perso/macbootstrap/.bundle/specifications/eventmachine-1.0.3.gemspec
I, [2013-12-27T13:43:25.548258 #15643]  INFO -- : 6:  daemons (1.1.9) from /Users/olivierlacan/Development/perso/macbootstrap/.bundle/specifications/daemons-1.1.9.gemspec
I, [2013-12-27T13:43:25.549025 #15644]  INFO -- : 7:  ffi (1.9.3) from /Users/olivierlacan/Development/perso/macbootstrap/.bundle/specifications/ffi-1.9.3.gemspec
I, [2013-12-27T13:43:25.549142 #15637]  INFO -- : 0:  lumberjack (1.0.4) from /Users/olivierlacan/Development/perso/macbootstrap/.bundle/specifications/lumberjack-1.0.4.gemspec
I, [2013-12-27T13:43:25.549161 #15641]  INFO -- : 4:  method_source (0.8.2) from /Users/olivierlacan/Development/perso/macbootstrap/.bundle/specifications/method_source-0.8.2.gemspec
I, [2013-12-27T13:43:25.549467 #15642]  INFO -- : 5:  slop (3.4.7) from /Users/olivierlacan/Development/perso/macbootstrap/.bundle/specifications/slop-3.4.7.gemspec
I, [2013-12-27T13:43:25.549889 #15640]  INFO -- : 3:  thor (0.18.1) from /Users/olivierlacan/Development/perso/macbootstrap/.bundle/specifications/thor-0.18.1.gemspec
I, [2013-12-27T13:43:25.550392 #15639]  INFO -- : 2:  tilt (2.0.0) from /Users/olivierlacan/Development/perso/macbootstrap/.bundle/specifications/tilt-2.0.0.gemspec
I, [2013-12-27T13:43:25.550411 #15643]  INFO -- : 6:  multi_json (1.8.2) from /Users/olivierlacan/Development/perso/macbootstrap/.bundle/specifications/multi_json-1.8.2.gemspec
I, [2013-12-27T13:43:25.550483 #15641]  INFO -- : 4:  rack (1.5.2) from /Users/olivierlacan/Development/perso/macbootstrap/.bundle/specifications/rack-1.5.2.gemspec
I, [2013-12-27T13:43:25.550513 #15638]  INFO -- : 1:  bundler (1.5.0) from /Users/olivierlacan/.rbenv/versions/2.1.0/lib/ruby/gems/2.1.0/gems/bundler-1.5.0/lib/bundler/source
I, [2013-12-27T13:43:25.550873 #15642]  INFO -- : 5:  celluloid (0.15.2) from /Users/olivierlacan/Development/perso/macbootstrap/.bundle/specifications/celluloid-0.15.2.gemspec
I, [2013-12-27T13:43:25.551158 #15644]  INFO -- : 7:  em-websocket (0.5.0) from /Users/olivierlacan/Development/perso/macbootstrap/.bundle/specifications/em-websocket-0.5.0.gemspec
I, [2013-12-27T13:43:25.551246 #15637]  INFO -- : 0:  pry (0.9.12.4) from /Users/olivierlacan/Development/perso/macbootstrap/.bundle/specifications/pry-0.9.12.4.gemspec
I, [2013-12-27T13:43:25.551441 #15640]  INFO -- : 3:  rb-inotify (0.9.3) from /Users/olivierlacan/Development/perso/macbootstrap/.bundle/specifications/rb-inotify-0.9.3.gemspec
I, [2013-12-27T13:43:25.551829 #15641]  INFO -- : 4:  haml (4.0.4) from /Users/olivierlacan/Development/perso/macbootstrap/.bundle/specifications/haml-4.0.4.gemspec
I, [2013-12-27T13:43:25.551933 #15643]  INFO -- : 6:  thin (1.6.1) from /Users/olivierlacan/Development/perso/macbootstrap/.bundle/specifications/thin-1.6.1.gemspec
I, [2013-12-27T13:43:25.552570 #15639]  INFO -- : 2:  listen (2.4.0) from /Users/olivierlacan/Development/perso/macbootstrap/.bundle/specifications/listen-2.4.0.gemspec
I, [2013-12-27T13:43:25.553381 #15638]  INFO -- : 1:  guard (2.2.5) from /Users/olivierlacan/Development/perso/macbootstrap/.bundle/specifications/guard-2.2.5.gemspec
I, [2013-12-27T13:43:25.554059 #15644]  INFO -- : 7:  guard-livereload (2.1.0) from /Users/olivierlacan/Development/perso/macbootstrap/.bundle/specifications/guard-livereload-2.1.0.gemspec
I, [2013-12-27T13:43:25.554233 #15642]  INFO -- : 5:  guard-haml (1.1.0) from /Users/olivierlacan/Development/perso/macbootstrap/.bundle/specifications/guard-haml-1.1.0.gemspec
